2018-05-16 23:00:18,513 [Worker-30] INFO  o.e.m.c.i.l.LifecycleMappingFactory - Using NULL lifecycle mapping for MavenProject: com.zhongletao:zhongletao-parent:0.0.1-SNAPSHOT @ E:\gitRepo\pro\zhongletao-parent\pom.xml.
2018-05-16 23:05:40,172 [Worker-30] ERROR o.e.m.c.i.p.r.ProjectRegistryManager - Could not read pom.xml
org.eclipse.core.runtime.CoreException: Could not read pom.xml
	at org.eclipse.m2e.core.internal.embedder.MavenImpl.readModel(MavenImpl.java:565) ~[org.eclipse.m2e.core_1.6.2.20150902-0002.jar:na]
	at org.eclipse.m2e.core.internal.embedder.MavenImpl.readModel(MavenImpl.java:574) ~[org.eclipse.m2e.core_1.6.2.20150902-0002.jar:na]
	at org.eclipse.m2e.core.internal.project.registry.ProjectRegistryManager.refreshPhase2(ProjectRegistryManager.java:541) [org.eclipse.m2e.core_1.6.2.20150902-0002.jar:na]
	at org.eclipse.m2e.core.internal.project.registry.ProjectRegistryManager.refresh(ProjectRegistryManager.java:497) [org.eclipse.m2e.core_1.6.2.20150902-0002.jar:na]
	at org.eclipse.m2e.core.internal.project.registry.ProjectRegistryManager.refresh(ProjectRegistryManager.java:350) [org.eclipse.m2e.core_1.6.2.20150902-0002.jar:na]
	at org.eclipse.m2e.core.internal.project.registry.ProjectRegistryManager.refresh(ProjectRegistryManager.java:297) [org.eclipse.m2e.core_1.6.2.20150902-0002.jar:na]
	at org.eclipse.m2e.core.internal.builder.MavenBuilder$BuildMethod.getProjectFacade(MavenBuilder.java:154) [org.eclipse.m2e.core_1.6.2.20150902-0002.jar:na]
	at org.eclipse.m2e.core.internal.builder.MavenBuilder$BuildMethod$1.call(MavenBuilder.java:89) [org.eclipse.m2e.core_1.6.2.20150902-0002.jar:na]
	at org.eclipse.m2e.core.internal.embedder.MavenExecutionContext.executeBare(MavenExecutionContext.java:176) [org.eclipse.m2e.core_1.6.2.20150902-0002.jar:na]
	at org.eclipse.m2e.core.internal.embedder.MavenExecutionContext.execute(MavenExecutionContext.java:151) [org.eclipse.m2e.core_1.6.2.20150902-0002.jar:na]
	at org.eclipse.m2e.core.internal.embedder.MavenExecutionContext.execute(MavenExecutionContext.java:99) [org.eclipse.m2e.core_1.6.2.20150902-0002.jar:na]
	at org.eclipse.m2e.core.internal.builder.MavenBuilder$BuildMethod.execute(MavenBuilder.java:86) [org.eclipse.m2e.core_1.6.2.20150902-0002.jar:na]
	at org.eclipse.m2e.core.internal.builder.MavenBuilder.build(MavenBuilder.java:200) [org.eclipse.m2e.core_1.6.2.20150902-0002.jar:na]
	at org.eclipse.core.internal.events.BuildManager$2.run(BuildManager.java:734) [org.eclipse.core.resources_3.10.1.v20150725-1910.jar:na]
	at org.eclipse.core.runtime.SafeRunner.run(SafeRunner.java:42) [org.eclipse.equinox.common_3.7.0.v20150402-1709.jar:na]
	at org.eclipse.core.internal.events.BuildManager.basicBuild(BuildManager.java:205) [org.eclipse.core.resources_3.10.1.v20150725-1910.jar:na]
	at org.eclipse.core.internal.events.BuildManager.basicBuild(BuildManager.java:245) [org.eclipse.core.resources_3.10.1.v20150725-1910.jar:na]
	at org.eclipse.core.internal.events.BuildManager$1.run(BuildManager.java:300) [org.eclipse.core.resources_3.10.1.v20150725-1910.jar:na]
	at org.eclipse.core.runtime.SafeRunner.run(SafeRunner.java:42) [org.eclipse.equinox.common_3.7.0.v20150402-1709.jar:na]
	at org.eclipse.core.internal.events.BuildManager.basicBuild(BuildManager.java:303) [org.eclipse.core.resources_3.10.1.v20150725-1910.jar:na]
	at org.eclipse.core.internal.events.BuildManager.basicBuildLoop(BuildManager.java:359) [org.eclipse.core.resources_3.10.1.v20150725-1910.jar:na]
	at org.eclipse.core.internal.events.BuildManager.build(BuildManager.java:382) [org.eclipse.core.resources_3.10.1.v20150725-1910.jar:na]
	at org.eclipse.core.internal.events.AutoBuildJob.doBuild(AutoBuildJob.java:144) [org.eclipse.core.resources_3.10.1.v20150725-1910.jar:na]
	at org.eclipse.core.internal.events.AutoBuildJob.run(AutoBuildJob.java:235) [org.eclipse.core.resources_3.10.1.v20150725-1910.jar:na]
	at org.eclipse.core.internal.jobs.Worker.run(Worker.java:55) [org.eclipse.core.jobs_3.7.0.v20150330-2103.jar:na]
Caused by: org.apache.maven.model.io.ModelParseException: end tag name </dependencyManagement> must match start tag name <project> from line 1 (position: TEXT seen ...</build>\r\n    \r\n  </dependencyManagement>... @215:26) 
	at org.apache.maven.model.io.DefaultModelReader.read(DefaultModelReader.java:130) ~[maven-model-builder-3.3.3.jar:3.3.3]
	at org.apache.maven.model.io.DefaultModelReader.read(DefaultModelReader.java:94) ~[maven-model-builder-3.3.3.jar:3.3.3]
	at org.eclipse.m2e.core.internal.embedder.MavenImpl.readModel(MavenImpl.java:563) ~[org.eclipse.m2e.core_1.6.2.20150902-0002.jar:na]
	... 24 common frames omitted
Caused by: org.codehaus.plexus.util.xml.pull.XmlPullParserException: end tag name </dependencyManagement> must match start tag name <project> from line 1 (position: TEXT seen ...</build>\r\n    \r\n  </dependencyManagement>... @215:26) 
	at org.codehaus.plexus.util.xml.pull.MXParser.parseEndTag(MXParser.java:1727) ~[plexus-utils-3.0.20.jar:na]
	at org.codehaus.plexus.util.xml.pull.MXParser.nextImpl(MXParser.java:1169) ~[plexus-utils-3.0.20.jar:na]
	at org.codehaus.plexus.util.xml.pull.MXParser.next(MXParser.java:1131) ~[plexus-utils-3.0.20.jar:na]
	at org.codehaus.plexus.util.xml.pull.MXParser.nextTag(MXParser.java:1118) ~[plexus-utils-3.0.20.jar:na]
	at org.apache.maven.model.io.xpp3.MavenXpp3Reader.parseModel(MavenXpp3Reader.java:2030) ~[maven-model-3.3.3.jar:3.3.3]
	at org.apache.maven.model.io.xpp3.MavenXpp3Reader.read(MavenXpp3Reader.java:3807) ~[maven-model-3.3.3.jar:3.3.3]
	at org.apache.maven.model.io.xpp3.MavenXpp3Reader.read(MavenXpp3Reader.java:557) ~[maven-model-3.3.3.jar:3.3.3]
	at org.apache.maven.model.io.DefaultModelReader.read(DefaultModelReader.java:125) ~[maven-model-builder-3.3.3.jar:3.3.3]
	... 26 common frames omitted
2018-05-16 23:06:16,418 [Worker-33] INFO  o.e.m.c.i.l.LifecycleMappingFactory - Using NULL lifecycle mapping for MavenProject: com.zhongletao:zhongletao-parent:0.0.1-SNAPSHOT @ E:\gitRepo\pro\zhongletao-parent\pom.xml.
2018-05-16 23:07:41,520 [Worker-36] INFO  o.e.m.c.i.l.LifecycleMappingFactory - Using NULL lifecycle mapping for MavenProject: com.zhongletao:zhongletao-parent:0.0.1-SNAPSHOT @ E:\gitRepo\pro\zhongletao-parent\pom.xml.
2018-05-16 23:12:41,700 [Worker-32] INFO  o.e.m.c.i.l.LifecycleMappingFactory - Using NULL lifecycle mapping for MavenProject: com.zhongletao:zhongletao-parent:0.0.1-SNAPSHOT @ E:\gitRepo\pro\zhongletao-parent\pom.xml.
2018-05-16 23:20:20,393 [Worker-39] INFO  o.e.m.c.i.l.LifecycleMappingFactory - Using org.eclipse.m2e.jdt.JarLifecycleMapping lifecycle mapping for MavenProject: com.zhongletao:zhongletao-common:0.0.1-SNAPSHOT @ E:\gitRepo\pro\zhongletao-common\pom.xml.
2018-05-16 23:20:21,846 [Worker-39] INFO  o.e.m.j.i.AbstractJavaProjectConfigurator - Adding source folder /zhongletao-common/src/main/java
2018-05-16 23:20:21,849 [Worker-39] INFO  o.e.m.j.i.AbstractJavaProjectConfigurator - Adding resource folder /zhongletao-common/src/main/resources
2018-05-16 23:20:21,865 [Worker-39] INFO  o.e.m.j.i.AbstractJavaProjectConfigurator - Adding source folder /zhongletao-common/src/test/java
2018-05-16 23:20:21,866 [Worker-39] INFO  o.e.m.j.i.AbstractJavaProjectConfigurator - Adding resource folder /zhongletao-common/src/test/resources
2018-05-16 23:20:23,439 [Worker-39] INFO  o.e.m.c.i.embedder.EclipseLogger - Using 'UTF-8' encoding to copy filtered resources.
2018-05-16 23:20:23,442 [Worker-39] INFO  o.e.m.c.i.embedder.EclipseLogger - Copying 0 resource
2018-05-16 23:20:23,446 [Worker-39] INFO  o.e.m.c.i.embedder.EclipseLogger - Using 'UTF-8' encoding to copy filtered resources.
2018-05-16 23:20:23,447 [Worker-39] INFO  o.e.m.c.i.embedder.EclipseLogger - Copying 0 resource
2018-05-16 23:21:50,128 [Worker-40] INFO  o.e.m.c.i.l.LifecycleMappingFactory - Using org.eclipse.m2e.jdt.JarLifecycleMapping lifecycle mapping for MavenProject: com.zhongletao:zhongletao-common:0.0.1-SNAPSHOT @ E:\gitRepo\pro\zhongletao-common\pom.xml.
2018-05-16 23:21:50,498 [Worker-40] INFO  o.e.m.c.i.e.AbstractTransferListenerAdapter - Downloading http://maven.aliyun.com/nexus/content/groups/public/joda-time/joda-time/2.5/joda-time-2.5.pom
2018-05-16 23:21:50,660 [Worker-40] INFO  o.e.m.c.i.e.AbstractTransferListenerAdapter - Downloaded http://maven.aliyun.com/nexus/content/groups/public/joda-time/joda-time/2.5/joda-time-2.5.pom
2018-05-16 23:21:50,805 [Worker-40] INFO  o.e.m.c.i.e.AbstractTransferListenerAdapter - Downloading http://maven.aliyun.com/nexus/content/groups/public/org/apache/commons/commons-lang3/3.3.2/commons-lang3-3.3.2.pom
2018-05-16 23:21:50,927 [Worker-40] INFO  o.e.m.c.i.e.AbstractTransferListenerAdapter - Downloaded http://maven.aliyun.com/nexus/content/groups/public/org/apache/commons/commons-lang3/3.3.2/commons-lang3-3.3.2.pom
2018-05-16 23:21:51,037 [Worker-40] INFO  o.e.m.c.i.e.AbstractTransferListenerAdapter - Downloading http://maven.aliyun.com/nexus/content/groups/public/org/apache/commons/commons-parent/33/commons-parent-33.pom
2018-05-16 23:21:51,221 [Worker-40] INFO  o.e.m.c.i.e.AbstractTransferListenerAdapter - Downloaded http://maven.aliyun.com/nexus/content/groups/public/org/apache/commons/commons-parent/33/commons-parent-33.pom
2018-05-16 23:21:51,384 [Worker-40] INFO  o.e.m.c.i.e.AbstractTransferListenerAdapter - Downloading http://maven.aliyun.com/nexus/content/groups/public/org/apache/commons/commons-io/1.3.2/commons-io-1.3.2.pom
2018-05-16 23:21:51,464 [Worker-40] INFO  o.e.m.c.i.e.AbstractTransferListenerAdapter - Downloaded http://maven.aliyun.com/nexus/content/groups/public/org/apache/commons/commons-io/1.3.2/commons-io-1.3.2.pom
2018-05-16 23:21:51,688 [Worker-40] INFO  o.e.m.c.i.e.AbstractTransferListenerAdapter - Downloading http://maven.aliyun.com/nexus/content/groups/public/commons-net/commons-net/3.3/commons-net-3.3.pom
2018-05-16 23:21:51,777 [Worker-40] INFO  o.e.m.c.i.e.AbstractTransferListenerAdapter - Downloaded http://maven.aliyun.com/nexus/content/groups/public/commons-net/commons-net/3.3/commons-net-3.3.pom
2018-05-16 23:21:51,909 [Worker-40] INFO  o.e.m.c.i.e.AbstractTransferListenerAdapter - Downloading http://maven.aliyun.com/nexus/content/groups/public/org/apache/commons/commons-parent/30/commons-parent-30.pom
2018-05-16 23:21:52,077 [Worker-40] INFO  o.e.m.c.i.e.AbstractTransferListenerAdapter - Downloaded http://maven.aliyun.com/nexus/content/groups/public/org/apache/commons/commons-parent/30/commons-parent-30.pom
2018-05-16 23:21:52,255 [Worker-40] INFO  o.e.m.c.i.e.AbstractTransferListenerAdapter - Downloading http://maven.aliyun.com/nexus/content/groups/public/com/fasterxml/jackson/core/jackson-databind/2.4.2/jackson-databind-2.4.2.pom
2018-05-16 23:21:52,345 [Worker-40] INFO  o.e.m.c.i.e.AbstractTransferListenerAdapter - Downloaded http://maven.aliyun.com/nexus/content/groups/public/com/fasterxml/jackson/core/jackson-databind/2.4.2/jackson-databind-2.4.2.pom
2018-05-16 23:21:52,459 [Worker-40] INFO  o.e.m.c.i.e.AbstractTransferListenerAdapter - Downloading http://maven.aliyun.com/nexus/content/groups/public/com/fasterxml/jackson/jackson-parent/2.4/jackson-parent-2.4.pom
2018-05-16 23:21:52,550 [Worker-40] INFO  o.e.m.c.i.e.AbstractTransferListenerAdapter - Downloaded http://maven.aliyun.com/nexus/content/groups/public/com/fasterxml/jackson/jackson-parent/2.4/jackson-parent-2.4.pom
2018-05-16 23:21:52,678 [Worker-40] INFO  o.e.m.c.i.e.AbstractTransferListenerAdapter - Downloading http://maven.aliyun.com/nexus/content/groups/public/com/fasterxml/oss-parent/16/oss-parent-16.pom
2018-05-16 23:21:52,779 [Worker-40] INFO  o.e.m.c.i.e.AbstractTransferListenerAdapter - Downloaded http://maven.aliyun.com/nexus/content/groups/public/com/fasterxml/oss-parent/16/oss-parent-16.pom
2018-05-16 23:21:52,904 [Worker-40] INFO  o.e.m.c.i.e.AbstractTransferListenerAdapter - Downloading http://maven.aliyun.com/nexus/content/groups/public/com/fasterxml/jackson/core/jackson-annotations/2.4.0/jackson-annotations-2.4.0.pom
2018-05-16 23:21:52,999 [Worker-40] INFO  o.e.m.c.i.e.AbstractTransferListenerAdapter - Downloaded http://maven.aliyun.com/nexus/content/groups/public/com/fasterxml/jackson/core/jackson-annotations/2.4.0/jackson-annotations-2.4.0.pom
2018-05-16 23:21:53,170 [Worker-40] INFO  o.e.m.c.i.e.AbstractTransferListenerAdapter - Downloading http://maven.aliyun.com/nexus/content/groups/public/com/fasterxml/jackson/core/jackson-core/2.4.2/jackson-core-2.4.2.pom
2018-05-16 23:21:53,425 [Worker-40] INFO  o.e.m.c.i.e.AbstractTransferListenerAdapter - Downloaded http://maven.aliyun.com/nexus/content/groups/public/com/fasterxml/jackson/core/jackson-core/2.4.2/jackson-core-2.4.2.pom
2018-05-16 23:21:53,606 [Worker-40] INFO  o.e.m.c.i.e.AbstractTransferListenerAdapter - Downloading http://maven.aliyun.com/nexus/content/groups/public/org/apache/httpcomponents/httpclient/4.3.5/httpclient-4.3.5.pom
2018-05-16 23:21:53,870 [Worker-40] INFO  o.e.m.c.i.e.AbstractTransferListenerAdapter - Downloaded http://maven.aliyun.com/nexus/content/groups/public/org/apache/httpcomponents/httpclient/4.3.5/httpclient-4.3.5.pom
2018-05-16 23:21:54,113 [Worker-40] INFO  o.e.m.c.i.e.AbstractTransferListenerAdapter - Downloading http://maven.aliyun.com/nexus/content/groups/public/org/apache/httpcomponents/httpcomponents-client/4.3.5/httpcomponents-client-4.3.5.pom
2018-05-16 23:21:54,212 [Worker-40] INFO  o.e.m.c.i.e.AbstractTransferListenerAdapter - Downloaded http://maven.aliyun.com/nexus/content/groups/public/org/apache/httpcomponents/httpcomponents-client/4.3.5/httpcomponents-client-4.3.5.pom
2018-05-16 23:21:54,420 [Worker-40] INFO  o.e.m.c.i.e.AbstractTransferListenerAdapter - Downloading http://maven.aliyun.com/nexus/content/groups/public/org/apache/httpcomponents/httpcore/4.3.2/httpcore-4.3.2.pom
2018-05-16 23:21:54,558 [Worker-40] INFO  o.e.m.c.i.e.AbstractTransferListenerAdapter - Downloaded http://maven.aliyun.com/nexus/content/groups/public/org/apache/httpcomponents/httpcore/4.3.2/httpcore-4.3.2.pom
2018-05-16 23:21:54,690 [Worker-40] INFO  o.e.m.c.i.e.AbstractTransferListenerAdapter - Downloading http://maven.aliyun.com/nexus/content/groups/public/org/apache/httpcomponents/httpcomponents-core/4.3.2/httpcomponents-core-4.3.2.pom
2018-05-16 23:21:54,795 [Worker-40] INFO  o.e.m.c.i.e.AbstractTransferListenerAdapter - Downloaded http://maven.aliyun.com/nexus/content/groups/public/org/apache/httpcomponents/httpcomponents-core/4.3.2/httpcomponents-core-4.3.2.pom
2018-05-16 23:21:55,174 [Worker-40] INFO  o.e.m.c.i.e.AbstractTransferListenerAdapter - Downloading http://maven.aliyun.com/nexus/content/groups/public/org/slf4j/slf4j-log4j12/1.6.4/slf4j-log4j12-1.6.4.pom
2018-05-16 23:21:55,418 [Worker-40] INFO  o.e.m.c.i.e.AbstractTransferListenerAdapter - Downloaded http://maven.aliyun.com/nexus/content/groups/public/org/slf4j/slf4j-log4j12/1.6.4/slf4j-log4j12-1.6.4.pom
2018-05-16 23:21:55,597 [Worker-40] INFO  o.e.m.c.i.e.AbstractTransferListenerAdapter - Downloading http://maven.aliyun.com/nexus/content/groups/public/org/slf4j/slf4j-parent/1.6.4/slf4j-parent-1.6.4.pom
2018-05-16 23:21:55,683 [Worker-40] INFO  o.e.m.c.i.e.AbstractTransferListenerAdapter - Downloaded http://maven.aliyun.com/nexus/content/groups/public/org/slf4j/slf4j-parent/1.6.4/slf4j-parent-1.6.4.pom
2018-05-16 23:21:55,781 [Worker-40] INFO  o.e.m.c.i.e.AbstractTransferListenerAdapter - Downloading http://maven.aliyun.com/nexus/content/groups/public/org/slf4j/slf4j-api/1.6.4/slf4j-api-1.6.4.pom
2018-05-16 23:21:55,861 [Worker-40] INFO  o.e.m.c.i.e.AbstractTransferListenerAdapter - Downloaded http://maven.aliyun.com/nexus/content/groups/public/org/slf4j/slf4j-api/1.6.4/slf4j-api-1.6.4.pom
2018-05-16 23:21:55,969 [Worker-40] INFO  o.e.m.c.i.e.AbstractTransferListenerAdapter - Downloading http://maven.aliyun.com/nexus/content/groups/public/log4j/log4j/1.2.16/log4j-1.2.16.pom
2018-05-16 23:21:56,078 [Worker-40] INFO  o.e.m.c.i.e.AbstractTransferListenerAdapter - Downloaded http://maven.aliyun.com/nexus/content/groups/public/log4j/log4j/1.2.16/log4j-1.2.16.pom
2018-05-16 23:21:56,089 [Worker-40] WARN  o.e.m.c.i.embedder.EclipseLogger - The artifact org.apache.commons:commons-io:jar:1.3.2 has been relocated to commons-io:commons-io:jar:1.3.2
2018-05-16 23:21:56,215 [Worker-40] INFO  o.e.m.c.i.e.AbstractTransferListenerAdapter - Downloading http://maven.aliyun.com/nexus/content/groups/public/joda-time/joda-time/2.5/joda-time-2.5.jar
2018-05-16 23:21:56,688 [Worker-40] INFO  o.e.m.c.i.e.AbstractTransferListenerAdapter - Downloaded http://maven.aliyun.com/nexus/content/groups/public/joda-time/joda-time/2.5/joda-time-2.5.jar
2018-05-16 23:21:56,813 [Worker-40] INFO  o.e.m.c.i.e.AbstractTransferListenerAdapter - Downloading http://maven.aliyun.com/nexus/content/groups/public/org/apache/commons/commons-lang3/3.3.2/commons-lang3-3.3.2.jar
2018-05-16 23:21:57,059 [Worker-40] INFO  o.e.m.c.i.e.AbstractTransferListenerAdapter - Downloaded http://maven.aliyun.com/nexus/content/groups/public/org/apache/commons/commons-lang3/3.3.2/commons-lang3-3.3.2.jar
2018-05-16 23:21:57,157 [Worker-40] INFO  o.e.m.c.i.e.AbstractTransferListenerAdapter - Downloading http://maven.aliyun.com/nexus/content/groups/public/commons-net/commons-net/3.3/commons-net-3.3.jar
2018-05-16 23:21:57,435 [Worker-40] INFO  o.e.m.c.i.e.AbstractTransferListenerAdapter - Downloaded http://maven.aliyun.com/nexus/content/groups/public/commons-net/commons-net/3.3/commons-net-3.3.jar
2018-05-16 23:21:57,661 [Worker-40] INFO  o.e.m.c.i.e.AbstractTransferListenerAdapter - Downloading http://maven.aliyun.com/nexus/content/groups/public/com/fasterxml/jackson/core/jackson-databind/2.4.2/jackson-databind-2.4.2.jar
2018-05-16 23:21:58,895 [Worker-40] INFO  o.e.m.c.i.e.AbstractTransferListenerAdapter - Downloaded http://maven.aliyun.com/nexus/content/groups/public/com/fasterxml/jackson/core/jackson-databind/2.4.2/jackson-databind-2.4.2.jar
2018-05-16 23:21:59,020 [Worker-40] INFO  o.e.m.c.i.e.AbstractTransferListenerAdapter - Downloading http://maven.aliyun.com/nexus/content/groups/public/com/fasterxml/jackson/core/jackson-annotations/2.4.0/jackson-annotations-2.4.0.jar
2018-05-16 23:21:59,114 [Worker-40] INFO  o.e.m.c.i.e.AbstractTransferListenerAdapter - Downloaded http://maven.aliyun.com/nexus/content/groups/public/com/fasterxml/jackson/core/jackson-annotations/2.4.0/jackson-annotations-2.4.0.jar
2018-05-16 23:21:59,242 [Worker-40] INFO  o.e.m.c.i.e.AbstractTransferListenerAdapter - Downloading http://maven.aliyun.com/nexus/content/groups/public/com/fasterxml/jackson/core/jackson-core/2.4.2/jackson-core-2.4.2.jar
2018-05-16 23:21:59,407 [Worker-40] INFO  o.e.m.c.i.e.AbstractTransferListenerAdapter - Downloaded http://maven.aliyun.com/nexus/content/groups/public/com/fasterxml/jackson/core/jackson-core/2.4.2/jackson-core-2.4.2.jar
2018-05-16 23:21:59,498 [Worker-40] INFO  o.e.m.c.i.e.AbstractTransferListenerAdapter - Downloading http://maven.aliyun.com/nexus/content/groups/public/org/apache/httpcomponents/httpclient/4.3.5/httpclient-4.3.5.jar
2018-05-16 23:21:59,784 [Worker-40] INFO  o.e.m.c.i.e.AbstractTransferListenerAdapter - Downloaded http://maven.aliyun.com/nexus/content/groups/public/org/apache/httpcomponents/httpclient/4.3.5/httpclient-4.3.5.jar
2018-05-16 23:21:59,941 [Worker-40] INFO  o.e.m.c.i.e.AbstractTransferListenerAdapter - Downloading http://maven.aliyun.com/nexus/content/groups/public/org/apache/httpcomponents/httpcore/4.3.2/httpcore-4.3.2.jar
2018-05-16 23:22:00,192 [Worker-40] INFO  o.e.m.c.i.e.AbstractTransferListenerAdapter - Downloaded http://maven.aliyun.com/nexus/content/groups/public/org/apache/httpcomponents/httpcore/4.3.2/httpcore-4.3.2.jar
2018-05-16 23:22:00,339 [Worker-40] INFO  o.e.m.c.i.e.AbstractTransferListenerAdapter - Downloading http://maven.aliyun.com/nexus/content/groups/public/org/slf4j/slf4j-log4j12/1.6.4/slf4j-log4j12-1.6.4.jar
2018-05-16 23:22:00,549 [Worker-40] INFO  o.e.m.c.i.e.AbstractTransferListenerAdapter - Downloaded http://maven.aliyun.com/nexus/content/groups/public/org/slf4j/slf4j-log4j12/1.6.4/slf4j-log4j12-1.6.4.jar
2018-05-16 23:22:00,682 [Worker-40] INFO  o.e.m.c.i.e.AbstractTransferListenerAdapter - Downloading http://maven.aliyun.com/nexus/content/groups/public/org/slf4j/slf4j-api/1.6.4/slf4j-api-1.6.4.jar
2018-05-16 23:22:00,873 [Worker-40] INFO  o.e.m.c.i.e.AbstractTransferListenerAdapter - Downloaded http://maven.aliyun.com/nexus/content/groups/public/org/slf4j/slf4j-api/1.6.4/slf4j-api-1.6.4.jar
2018-05-16 23:22:00,975 [Worker-40] INFO  o.e.m.c.i.e.AbstractTransferListenerAdapter - Downloading http://maven.aliyun.com/nexus/content/groups/public/log4j/log4j/1.2.16/log4j-1.2.16.jar
2018-05-16 23:22:01,712 [Worker-40] INFO  o.e.m.c.i.e.AbstractTransferListenerAdapter - Downloaded http://maven.aliyun.com/nexus/content/groups/public/log4j/log4j/1.2.16/log4j-1.2.16.jar
2018-05-16 23:22:03,414 [Worker-40] INFO  o.e.m.c.i.embedder.EclipseLogger - Using 'UTF-8' encoding to copy filtered resources.
2018-05-16 23:22:03,422 [Worker-40] INFO  o.e.m.c.i.embedder.EclipseLogger - Copying 0 resource
2018-05-16 23:22:03,426 [Worker-40] INFO  o.e.m.c.i.embedder.EclipseLogger - Using 'UTF-8' encoding to copy filtered resources.
2018-05-16 23:22:03,426 [Worker-40] INFO  o.e.m.c.i.embedder.EclipseLogger - Copying 0 resource
2018-05-16 23:22:05,407 [Worker-44] WARN  o.e.m.c.i.embedder.EclipseLogger - The artifact org.apache.commons:commons-io:jar:1.3.2 has been relocated to commons-io:commons-io:jar:1.3.2
2018-05-16 23:22:05,447 [Worker-44] INFO  o.e.m.c.i.embedder.EclipseLogger - Using 'UTF-8' encoding to copy filtered resources.
2018-05-16 23:22:05,448 [Worker-44] INFO  o.e.m.c.i.embedder.EclipseLogger - Copying 0 resource
2018-05-16 23:22:05,450 [Worker-44] INFO  o.e.m.c.i.embedder.EclipseLogger - Using 'UTF-8' encoding to copy filtered resources.
2018-05-16 23:22:05,450 [Worker-44] INFO  o.e.m.c.i.embedder.EclipseLogger - Copying 0 resource
2018-05-16 23:22:17,742 [Worker-40] INFO  o.e.m.c.i.l.LifecycleMappingFactory - Using org.eclipse.m2e.jdt.JarLifecycleMapping lifecycle mapping for MavenProject: com.zhongletao:zhongletao-common:0.0.1-SNAPSHOT @ E:\gitRepo\pro\zhongletao-common\pom.xml.
2018-05-16 23:22:17,933 [Worker-40] WARN  o.e.m.c.i.embedder.EclipseLogger - The artifact org.apache.commons:commons-io:jar:1.3.2 has been relocated to commons-io:commons-io:jar:1.3.2
2018-05-16 23:22:18,440 [Worker-40] INFO  o.e.m.c.i.embedder.EclipseLogger - Using 'UTF-8' encoding to copy filtered resources.
2018-05-16 23:22:18,448 [Worker-40] INFO  o.e.m.c.i.embedder.EclipseLogger - Copying 0 resource
2018-05-16 23:22:18,451 [Worker-40] INFO  o.e.m.c.i.embedder.EclipseLogger - Using 'UTF-8' encoding to copy filtered resources.
2018-05-16 23:22:18,452 [Worker-40] INFO  o.e.m.c.i.embedder.EclipseLogger - Copying 0 resource
2018-05-16 23:23:30,003 [Worker-39] WARN  o.e.m.c.i.embedder.EclipseLogger - The artifact org.apache.commons:commons-io:jar:1.3.2 has been relocated to commons-io:commons-io:jar:1.3.2
2018-05-16 23:23:30,853 [Worker-40] INFO  o.e.m.c.i.l.LifecycleMappingFactory - Using org.eclipse.m2e.jdt.JarLifecycleMapping lifecycle mapping for MavenProject: com.zhongletao:zhongletao-common:0.0.1-SNAPSHOT @ E:\gitRepo\pro\zhongletao-common\pom.xml.
2018-05-16 23:23:31,018 [Worker-40] WARN  o.e.m.c.i.embedder.EclipseLogger - The artifact org.apache.commons:commons-io:jar:1.3.2 has been relocated to commons-io:commons-io:jar:1.3.2
2018-05-16 23:23:31,375 [Worker-40] INFO  o.e.m.c.i.embedder.EclipseLogger - Using 'UTF-8' encoding to copy filtered resources.
2018-05-16 23:23:31,383 [Worker-40] INFO  o.e.m.c.i.embedder.EclipseLogger - Copying 0 resource
2018-05-16 23:23:31,387 [Worker-40] INFO  o.e.m.c.i.embedder.EclipseLogger - Using 'UTF-8' encoding to copy filtered resources.
2018-05-16 23:23:31,388 [Worker-40] INFO  o.e.m.c.i.embedder.EclipseLogger - Copying 0 resource
